[22:27:25] [Server thread/INFO]: Starting minecraft server version 1.8.8
[22:27:25] [Server thread/INFO]: Loading properties
[22:27:25] [Server thread/INFO]: Default game type: SURVIVAL
[22:27:26] [Server thread/INFO]: This server is running CraftBukkit version git-PaperSpigot-"4c7641d" (MC: 1.8.8) (Implementing API version 1.8.8-R0.1-SNAPSHOT)
[22:27:26] [Server thread/INFO]: Spigot Timings: true - Verbose: true - Interval: 5m - Length: 60m
[22:27:26] [Server thread/INFO]: Server Ping Player Sample Count: 12
[22:27:26] [Server thread/INFO]: Using 4 threads for Netty based IO
[22:27:26] [Server thread/INFO]: Debug logging is disabled
[22:27:26] [Server thread/INFO]: Data value allowed items: 
[22:27:26] [Server thread/INFO]: Generating keypair
[22:27:26] [Server thread/INFO]: Starting Minecraft server on *:25550
[22:27:26] [Server thread/INFO]: Using epoll channel type
[22:27:27] [Server thread/INFO]: Set PluginClassLoader as parallel capable
[22:27:29] [Server thread/INFO]: [venAuth] Loading venAuth v1.0
[22:27:29] [Server thread/INFO]: [PreventPortBypass] Loading PreventPortBypass v1.0
[22:27:29] [Server thread/INFO]: [WorldEdit] Loading WorldEdit v6.1.5;4651611
[22:27:29] [Server thread/INFO]: [Citizens] Loading Citizens v2.0.16-SNAPSHOT (build 1267)
[22:27:29] [Server thread/INFO]: [Invsee] Loading Invsee v1.0.0
[22:27:29] [Server thread/INFO]: [ViaVersion] Loading ViaVersion v3.2.0
[22:27:29] [Server thread/INFO]: [ViaVersion] ViaVersion 3.2.0 is now loaded, injecting!
[22:27:29] [Via-Mappingloader-0/INFO]: [ViaVersion] Loading 1.12 -> 1.13 mappings...
[22:27:29] [Via-Mappingloader-1/INFO]: [ViaVersion] Loading 1.13 -> 1.13.2 mappings...
[22:27:30] [Via-Mappingloader-2/INFO]: [ViaVersion] Loading 1.13.2 -> 1.14 mappings...
[22:27:30] [Via-Mappingloader-3/INFO]: [ViaVersion] Loading 1.14 -> 1.15 mappings...
[22:27:30] [Via-Mappingloader-4/INFO]: [ViaVersion] Loading 1.15 -> 1.16 mappings...
[22:27:30] [Via-Mappingloader-0/INFO]: [ViaVersion] Loading block connection mappings ...
[22:27:30] [Via-Mappingloader-1/INFO]: [ViaVersion] Loading 1.16 -> 1.16.2 mappings...
[22:27:30] [Server thread/INFO]: [VoidGenerator] Loading VoidGenerator v1.7.0
[22:27:30] [Server thread/INFO]: [BKCommonLib] Loading BKCommonLib v1.16.4-v2
[22:27:36] [Server thread/WARN]: Field 'private boolean a' in class null can not be found because class to find it in is null
[22:27:37] [Server thread/INFO]: [MychuMotd] Loading MychuMotd v1.0
[22:27:37] [Server thread/INFO]: [WorldGuard] Loading WorldGuard v6.1.3-SNAPSHOT;c904242
[22:27:37] [Server thread/INFO]: [SpigotGuard] Loading SpigotGuard v5.7 BULLET-PROOF
[22:27:37] [Server thread/INFO]: [LightCleaner] Loading LightCleaner v1.16.4-v1
[22:27:37] [Server thread/INFO]: [VoidGenerator] Enabling VoidGenerator v1.7.0
[22:27:37] [Server thread/INFO]: [VoidGenerator] v1_8_8
[22:27:37] [Server thread/INFO]: [BKCommonLib] Enabling BKCommonLib v1.16.4-v2
[22:27:37] [Server thread/INFO]: [BKCommonLib] BKCommonLib is running on Spigot (git-PaperSpigot-"4c7641d") : v1_8_R3 (Minecraft 1.8.8)
[22:27:37] [Server thread/INFO]: [BKCommonLib] [Network] Now using a PlayerConnection hook to provide Packet Listener and Monitor support
[22:27:40] [Server thread/INFO]: [BKCommonLib] Saving plugins/BKCommonLib/config.yml...
[22:27:40] [Server thread/INFO]: [BKCommonLib] No Bukkit moderators were harmed while compiling this piece of art.
[22:27:40] [Server thread/INFO]: [BKCommonLib] BKCommonLib version 1.16.4-v2 (build: 944) enabled! (2.776s)
[22:27:40] [Server thread/WARN]: **** SERVER IS RUNNING IN OFFLINE/INSECURE MODE!
[22:27:40] [Server thread/WARN]: The server will make no attempt to authenticate usernames. Beware.
[22:27:40] [Server thread/WARN]: Whilst this makes it possible to use BungeeCord, unless access to your server is properly restricted, it also opens up the ability for hackers to connect with any username they choose.
[22:27:40] [Server thread/WARN]: Please see http://www.spigotmc.org/wiki/firewall-guide/ for further information.
[22:27:40] [Server thread/WARN]: To change this, set "online-mode" to "true" in the server.properties file.
[22:27:40] [Server thread/INFO]: **** Beginning UUID conversion, this may take A LONG time ****
[22:27:40] [Server thread/INFO]: Preparing level "world"
[22:27:40] [Server thread/INFO]: -------- World Settings For [world] --------
[22:27:40] [Server thread/INFO]: Nerfing mobs spawned from spawners: false
[22:27:40] [Server thread/INFO]: Mob Spawn Range: 4
[22:27:40] [Server thread/INFO]: Cactus Growth Modifier: 100%
[22:27:40] [Server thread/INFO]: Cane Growth Modifier: 100%
[22:27:40] [Server thread/INFO]: Melon Growth Modifier: 100%
[22:27:40] [Server thread/INFO]: Mushroom Growth Modifier: 100%
[22:27:40] [Server thread/INFO]: Pumpkin Growth Modifier: 100%
[22:27:40] [Server thread/INFO]: Sapling Growth Modifier: 100%
[22:27:40] [Server thread/INFO]: Wheat Growth Modifier: 100%
[22:27:40] [Server thread/INFO]: NetherWart Growth Modifier: 100%
[22:27:40] [Server thread/INFO]: Entity Activation Range: An 32 / Mo 32 / Mi 16
[22:27:40] [Server thread/INFO]: Entity Tracking Range: Pl 48 / An 48 / Mo 48 / Mi 32 / Other 64
[22:27:40] [Server thread/INFO]: Hopper Transfer: 8 Hopper Check: 8 Hopper Amount: 1
[22:27:40] [Server thread/INFO]: Random Lighting Updates: false
[22:27:40] [Server thread/INFO]: Structure Info Saving: true
[22:27:40] [Server thread/INFO]: Sending up to 10 chunks per packet
[22:27:40] [Server thread/INFO]: Max Entity Collisions: 8
[22:27:40] [Server thread/INFO]: Custom Map Seeds:  Village: 10387312 Feature: 14357617
[22:27:40] [Server thread/INFO]: Anti X-Ray: true
[22:27:40] [Server thread/INFO]: 	Engine Mode: 1
[22:27:40] [Server thread/INFO]: 	Hidden Blocks: [14, 15, 16, 21, 48, 49, 54, 56, 73, 74, 82, 129, 130]
[22:27:40] [Server thread/INFO]: 	Replace Blocks: [1, 5]
[22:27:40] [Server thread/INFO]: Max TNT Explosions: 100
[22:27:40] [Server thread/INFO]: Tile Max Tick Time: 50ms Entity max Tick Time: 50ms
[22:27:40] [Server thread/INFO]: Item Despawn Rate: 6000
[22:27:40] [Server thread/INFO]: Item Merge Radius: 2.5
[22:27:40] [Server thread/INFO]: Arrow Despawn Rate: 1200
[22:27:40] [Server thread/INFO]: Allow Zombie Pigmen to spawn from portal blocks: true
[22:27:40] [Server thread/INFO]: View Distance: 10
[22:27:40] [Server thread/INFO]: Zombie Aggressive Towards Villager: true
[22:27:40] [Server thread/INFO]: Chunks to Grow per Tick: 650
[22:27:40] [Server thread/INFO]: Clear tick list: false
[22:27:40] [Server thread/INFO]: Experience Merge Radius: 3.0
[22:27:40] [Server thread/INFO]: -------- World Settings For [world] --------
[22:27:40] [Server thread/INFO]: Remove invalid mob spawner tile entities: true
[22:27:40] [Server thread/INFO]: Player blocking damage multiplier set to 0.5
[22:27:40] [Server thread/INFO]: Squids will spawn between Y: 45.0 and Y: 63.0
[22:27:40] [Server thread/INFO]: Max height for cactus growth 3. Max height for reed growth 3
[22:27:40] [Server thread/INFO]: Living Entity Despawn Ranges:  Soft: 32 Hard: 128
[22:27:40] [Server thread/INFO]: Water over lava flow speed: 5
[22:27:40] [Server thread/INFO]: Fix TNT cannons: false
[22:27:40] [Server thread/INFO]: Allow undead horse types to be leashed: false
[22:27:40] [Server thread/INFO]: Keep spawn chunk loaded: true
[22:27:40] [Server thread/INFO]: World async lighting: false
[22:27:40] [Server thread/INFO]: WorldServer TickNextTick cap set at 10000
[22:27:40] [Server thread/INFO]: WorldServer TickNextTickList cap always processes redstone: false
[22:27:40] [Server thread/INFO]: Preparing start region for level 0 (Seed: 8482981717007808202)
[22:27:41] [Server thread/INFO]: [venAuth] Enabling venAuth v1.0
[22:27:41] [Server thread/ERROR]: Error occurred while enabling venAuth v1.0 (Is it up to date?)
java.lang.ExceptionInInitializerError
	at me.ventan.venAuth.Main.onEnable(Main.java:16) ~[?:?]
	at org.bukkit.plugin.java.JavaPlugin.setEnabled(JavaPlugin.java:321) ~[patched.jar:git-PaperSpigot-"4c7641d"]
	at org.bukkit.plugin.java.JavaPluginLoader.enablePlugin(JavaPluginLoader.java:332) [patched.jar:git-PaperSpigot-"4c7641d"]
	at org.bukkit.plugin.SimplePluginManager.enablePlugin(SimplePluginManager.java:407) [patched.jar:git-PaperSpigot-"4c7641d"]
	at org.bukkit.craftbukkit.v1_8_R3.CraftServer.loadPlugin(CraftServer.java:359) [patched.jar:git-PaperSpigot-"4c7641d"]
	at org.bukkit.craftbukkit.v1_8_R3.CraftServer.enablePlugins(CraftServer.java:318) [patched.jar:git-PaperSpigot-"4c7641d"]
	at net.minecraft.server.v1_8_R3.MinecraftServer.s(MinecraftServer.java:408) [patched.jar:git-PaperSpigot-"4c7641d"]
	at net.minecraft.server.v1_8_R3.MinecraftServer.k(MinecraftServer.java:372) [patched.jar:git-PaperSpigot-"4c7641d"]
	at net.minecraft.server.v1_8_R3.MinecraftServer.a(MinecraftServer.java:327) [patched.jar:git-PaperSpigot-"4c7641d"]
	at net.minecraft.server.v1_8_R3.DedicatedServer.init(DedicatedServer.java:267) [patched.jar:git-PaperSpigot-"4c7641d"]
	at net.minecraft.server.v1_8_R3.MinecraftServer.run(MinecraftServer.java:563) [patched.jar:git-PaperSpigot-"4c7641d"]
	at java.lang.Thread.run(Thread.java:748) [?:1.8.0_275]
Caused by: java.lang.ClassCastException: org.json.simple.JSONArray cannot be cast to org.json.JSONArray
	at me.ventan.venAuth.utlis.FileManager.<init>(FileManager.java:21) ~[?:?]
	at me.ventan.venAuth.utlis.FileManager.<clinit>(FileManager.java:15) ~[?:?]
	... 12 more
[22:27:41] [Server thread/INFO]: [venAuth] Disabling venAuth v1.0
[22:27:41] [Server thread/ERROR]: Error occurred while disabling venAuth v1.0 (Is it up to date?)
java.lang.NullPointerException
	at me.ventan.venAuth.Main.onDisable(Main.java:28) ~[?:?]
	at org.bukkit.plugin.java.JavaPlugin.setEnabled(JavaPlugin.java:323) ~[patched.jar:git-PaperSpigot-"4c7641d"]
	at org.bukkit.plugin.java.JavaPluginLoader.disablePlugin(JavaPluginLoader.java:360) [patched.jar:git-PaperSpigot-"4c7641d"]
	at org.bukkit.plugin.java.JavaPluginLoader.enablePlugin(JavaPluginLoader.java:336) [patched.jar:git-PaperSpigot-"4c7641d"]
	at org.bukkit.plugin.SimplePluginManager.enablePlugin(SimplePluginManager.java:407) [patched.jar:git-PaperSpigot-"4c7641d"]
	at org.bukkit.craftbukkit.v1_8_R3.CraftServer.loadPlugin(CraftServer.java:359) [patched.jar:git-PaperSpigot-"4c7641d"]
	at org.bukkit.craftbukkit.v1_8_R3.CraftServer.enablePlugins(CraftServer.java:318) [patched.jar:git-PaperSpigot-"4c7641d"]
	at net.minecraft.server.v1_8_R3.MinecraftServer.s(MinecraftServer.java:408) [patched.jar:git-PaperSpigot-"4c7641d"]
	at net.minecraft.server.v1_8_R3.MinecraftServer.k(MinecraftServer.java:372) [patched.jar:git-PaperSpigot-"4c7641d"]
	at net.minecraft.server.v1_8_R3.MinecraftServer.a(MinecraftServer.java:327) [patched.jar:git-PaperSpigot-"4c7641d"]
	at net.minecraft.server.v1_8_R3.DedicatedServer.init(DedicatedServer.java:267) [patched.jar:git-PaperSpigot-"4c7641d"]
	at net.minecraft.server.v1_8_R3.MinecraftServer.run(MinecraftServer.java:563) [patched.jar:git-PaperSpigot-"4c7641d"]
	at java.lang.Thread.run(Thread.java:748) [?:1.8.0_275]
[22:27:41] [Server thread/INFO]: [PreventPortBypass] Enabling PreventPortBypass v1.0
[22:27:41] [Server thread/INFO]: [WorldEdit] Enabling WorldEdit v6.1.5;4651611
[22:27:42] [Server thread/INFO]: WEPIF: Using the Bukkit Permissions API.
[22:27:42] [Server thread/INFO]: [WorldEdit] Using com.sk89q.worldedit.bukkit.adapter.impl.Spigot_v1_8_R3 as the Bukkit adapter
[22:27:42] [Server thread/INFO]: [Citizens] Enabling Citizens v2.0.16-SNAPSHOT (build 1267)
[22:27:42] [Server thread/INFO]: [Citizens] Unable to use economy handling. Has Vault been enabled?
[22:27:42] [Server thread/INFO]: [Invsee] Enabling Invsee v1.0.0
[22:27:42] [Server thread/INFO]: [ViaVersion] Enabling ViaVersion v3.2.0
[22:27:42] [Server thread/INFO]: [MychuMotd] Enabling MychuMotd v1.0
[22:27:42] [Server thread/INFO]: [WorldGuard] Enabling WorldGuard v6.1.3-SNAPSHOT;c904242
[22:27:43] [Server thread/INFO]: [WorldGuard] (world) TNT ignition is PERMITTED.
[22:27:43] [Server thread/INFO]: [WorldGuard] (world) Lighters are PERMITTED.
[22:27:43] [Server thread/INFO]: [WorldGuard] (world) Lava fire is blocked.
[22:27:43] [Server thread/INFO]: [WorldGuard] (world) Fire spread is UNRESTRICTED.
[22:27:43] [Server thread/INFO]: [WorldGuard] Loaded configuration for world 'world'
[22:27:43] [Server thread/INFO]: [WorldGuard] Loading region data...
[22:27:43] [Server thread/INFO]: [SpigotGuard] Enabling SpigotGuard v5.7 BULLET-PROOF
[22:27:43] [Server thread/INFO]: Starting Aorus LicenseSystem
[22:27:43] [Server thread/INFO]: Developed by Che Guevara
[22:27:43] [Server thread/INFO]: [SpigotGuard] Validating your SpigotGuard copy...
[22:27:45] [Server thread/INFO]: [SpigotGuard] Integrity verification passed
[22:27:45] [Server thread/INFO]: [SpigotGuard] Thank you for using SpigotGuard
[22:27:49] [Server thread/INFO]: [SpigotGuard] Using v1_8 NMS version as PacketInjector & PacketDecoder!
[22:27:49] [Server thread/INFO]: [SpigotGuard] Tell your friends to buy SpigotGuard if they need AntiCrash! https://minemen.com/resources/175/
[22:27:49] [Server thread/INFO]: [LightCleaner] Enabling LightCleaner v1.16.4-v1
[22:27:50] [Server thread/INFO]: [LightCleaner] LightCleaner version 1.16.4-v1 enabled! (0.128s)
[22:27:50] [Server thread/INFO]: Server permissions file permissions.yml is empty, ignoring it
[22:27:50] [Server thread/INFO]: Done (9.807s)! For help, type "help" or "?"
[22:27:50] [Server thread/INFO]: Timings Reset
[22:27:50] [Server thread/INFO]: [ViaVersion] ViaVersion detected server version: 1.8.x(47)
[22:27:50] [Server thread/WARN]: [ViaVersion] This version of Minecraft is over half a decade old and support for it will be fully dropped eventually. Please upgrade to a newer version to avoid encountering bugs and stability issues that have long been fixed.
[22:27:50] [Server thread/INFO]: [ViaVersion] Enabling Paper/TacoSpigot/Torch patch: Fixes block placement.
[22:27:50] [Server thread/INFO]: [Citizens] Loaded 0 NPCs.
[22:27:50] [Server thread/INFO]: [ViaVersion] Shutting down mapping loader executor!
[22:27:50] [pool-14-thread-1/INFO]: [SpigotGuard] [Database] Connected to sqlite database!
[22:27:50] [pool-14-thread-1/INFO]: [SpigotGuard] [Database] Loaded 8 users!
[22:27:50] [Server thread/WARN]: [ViaVersion] There is a newer version available: 3.2.1, you're on: 3.2.0
[22:27:55] [Craft Scheduler Thread - 3/INFO]: [SpigotGuard] > You are running: 5.7 BULLET-PROOF SpigotGuard, Our discord: http://mc-protection.eu/discord (private: yooniks#0289), Webpage: https://minemen.com/resources/175/
